<?xml version="1.0" encoding="UTF-8"?>
<!-- Generated by org.testng.reporters.JUnitReportReporter -->
<testsuite hostname="NODLTP52078114" failures="0" tests="1" name="Flipkart.MavenJava.ExcelSheet" time="0.704" errors="0" timestamp="2021-08-16T14:16:53 IST" skipped="0">
  <testcase classname="Flipkart.MavenJava.ExcelSheet" name="sheet" time="0.704"/>
  <system-out/>
</testsuite> <!-- Flipkart.MavenJava.ExcelSheet -->
