<?xml version="1.0" encoding="UTF-8"?>
<!-- Generated by org.testng.reporters.JUnitReportReporter -->
<testsuite hostname="NODLTP52078114" failures="0" tests="1" name="log4jB.Demo2" time="0.015" errors="0" timestamp="2021-08-17T21:07:16 IST" skipped="0">
  <testcase classname="log4jB.Demo2" name="loggg" time="0.015"/>
  <system-out/>
</testsuite> <!-- log4jB.Demo2 -->
