<?xml version="1.0" encoding="UTF-8"?>
<!-- Generated by org.testng.reporters.JUnitReportReporter -->
<testsuite hostname="NODLTP52078114" failures="0" tests="1" name="Flipkart.MavenJava.LoginTest" time="0.008" errors="0" timestamp="2021-08-15T11:42:40 IST" skipped="0">
  <testcase classname="Flipkart.MavenJava.LoginTest" name="open2" time="0.008"/>
  <system-out/>
</testsuite> <!-- Flipkart.MavenJava.LoginTest -->
