<?xml version="1.0" encoding="UTF-8"?>
<!-- Generated by org.testng.reporters.JUnitReportReporter -->
<testsuite hostname="360NDCLP252" failures="0" tests="2" name="Flipkart.MavenJava.Login" time="0.010" errors="0" timestamp="2021-08-27T18:01:43 IST" skipped="0">
  <testcase classname="Flipkart.MavenJava.Login" name="open2" time="0.001"/>
  <system-out/>
  <testcase classname="Flipkart.MavenJava.Login" name="open" time="0.009"/>
  <system-out/>
</testsuite> <!-- Flipkart.MavenJava.Login -->
