<?xml version="1.0" encoding="UTF-8"?>
<!-- Generated by org.testng.reporters.JUnitReportReporter -->
<testsuite hostname="NODLTP52078114" failures="0" tests="2" name="Flipkart.MavenJava.Login2Test" time="0.002" errors="0" timestamp="2021-08-14T13:22:40 IST" skipped="0">
  <testcase classname="Flipkart.MavenJava.Login2Test" name="open" time="0.001"/>
  <system-out/>
  <testcase classname="Flipkart.MavenJava.Login2Test" name="open2" time="0.001"/>
  <system-out/>
</testsuite> <!-- Flipkart.MavenJava.Login2Test -->
