<?xml version="1.0" encoding="UTF-8"?>
<!-- Generated by org.testng.reporters.JUnitReportReporter -->
<testsuite skipped="0" hostname="360NDCLP252" name="Flipkart.MavenJava.LoginTest" tests="2" failures="0" timestamp="2021-08-27T20:46:15 IST" time="0.000" errors="0">
  <testcase name="open2" time="0.000" classname="Flipkart.MavenJava.LoginTest"/>
  <system-out/>
  <testcase name="open" time="0.000" classname="Flipkart.MavenJava.LoginTest"/>
  <system-out/>
</testsuite> <!-- Flipkart.MavenJava.LoginTest -->
