<?xml version="1.0" encoding="UTF-8"?>
<!-- Generated by org.testng.reporters.JUnitReportReporter -->
<testsuite skipped="0" hostname="360NDCLP252" name="Flipkart.MavenJava.InvokeChromeTest" tests="1" failures="0" timestamp="2021-08-27T20:46:15 IST" time="8.035" errors="0">
  <testcase name="openChrome" time="8.035" classname="Flipkart.MavenJava.InvokeChromeTest"/>
  <system-out/>
</testsuite> <!-- Flipkart.MavenJava.InvokeChromeTest -->
